 Mechanical and Manufacturing Engineering                          13 SEP 2017
 University of New South Wales - 2016                                    21:23
 -----------------------------------------------------------------------------
<  0  0  0 ERRORS NO
<  0  0  0 HEADER                              Totals AHU,ZON,RM    2   2   2 
x ACADS BSG Program
y CAMEL
x Version Number 5.11.1     

 ACADS BSG advises that the program CAMEL is intended to be used only
 by persons who are proficient in its use and application and that these
 results should be verified independently. The results must not be used
 without acceptance of the ACADS-BSG's License Agreement for this program.
>  0  0  0 HEADER
<  0  0  0 RUN DETAILS
a assignment1                             
 
 INPUT FILE NAME ~H:\MECH4880\ASSIGNMENT1\CAMEL SIMULATION\1.DAT
 OUTPUT FILE NAME ~H:\MECH4880\ASSIGNMENT1\CAMEL SIMULATION\1.OUT

 CALCULATION BUILD NUMBER 5.11.1A     
  
 OUTDOOR DESIGN CONDITIONS ~ with ACADS WEATHER DATA FILE (May 2015) for
 Location 99999   TEMPERATE TOWN                          
 Latitude -30.0 DEG(SOUTH)  Daily Range 10.0  Building Rotation360.0
 Elevation     0.0 m (from file)

 WINTER OUTDOOR DESIGN   0.7 CDB  80.0 RH

 TOTAL FLOOR AREA IS    586.0 m2
 FLOOR AREA SERVED BY CHILLER IS      0.0 m2
>  0  0  0 RUN DETAILS
<  0  0  0 TREE DETAILS
aAHU/ZONE/ROOM CONFIGURATION                                                            
 ---------------------------------------------------------------------------------------
d                                                         <---- CONNECTIONS---->        
d        AHU               ZONE   ROOM               ROOM           CIRC CIRC     OTHER 
d NO    TITLE               NO    TITLE               NO  CH BO PRE COOL HEAT RA  ITEMS 
 ------------------------------------------------------------------------------- -------
   1  AHU1                   1  T06                    1                                
   2  AHU2                   1  MM03                   2                                
 ------------------------------------------------------------------------------- -------
>  0  0  0 TREE DETAILS
<  0  0  0 TEMPERATURE PROFILE OUTDOOR

aCOOLING OUTDOOR DESIGN TEMPERATURES (C)                                      
  
d         (DB - DRY BULB  WB - WET BULB  MC - MOISTURE CONTENT g/kg)          
                                                                              
d         JAN  FEB  MAR  APR  MAY  JUN  JLY  AUG  SEP  OCT  NOV  DEC          
  9AM DB 27.8 27.8 27.8 23.6 17.4 13.4 14.6 18.2 23.9 27.8 27.8 27.8
      WB 21.2 21.2 21.1 20.0 17.2 13.3 12.9 14.1 15.3 17.9 20.6 21.2
      MC 13.0 13.0 12.9 13.2 12.2  9.4  8.6  8.3  7.3  8.7 12.3 13.0
 10AM DB 28.8 28.8 28.8 24.6 18.4 14.4 15.6 19.2 24.9 28.8 28.8 28.8
      WB 21.5 21.5 21.4 20.3 18.1 14.3 13.3 14.5 15.6 18.2 20.9 21.5
      MC 13.0 13.0 12.9 13.2 12.9 10.1  8.6  8.3  7.3  8.7 12.3 13.0
 11AM DB 29.8 29.8 29.8 25.6 19.4 15.4 16.6 20.2 25.9 29.8 29.8 29.8
      WB 21.8 21.8 21.7 20.6 18.4 15.2 13.7 14.8 16.0 18.5 21.2 21.8
      MC 13.0 13.0 12.9 13.2 12.9 10.7  8.6  8.3  7.3  8.7 12.3 13.0
 NOON DB 30.8 30.8 30.8 26.6 20.4 16.4 17.6 21.2 26.9 30.8 30.8 30.8
      WB 22.1 22.1 21.9 20.9 18.7 15.5 14.1 15.2 16.4 18.8 21.5 22.1
      MC 13.0 13.0 12.9 13.2 12.9 10.7  8.6  8.3  7.3  8.7 12.3 13.0
  1PM DB 31.8 31.8 31.8 27.6 21.4 17.4 18.6 22.2 27.9 31.8 31.8 31.8
      WB 22.3 22.3 22.2 21.2 19.1 15.9 14.4 15.6 16.7 19.2 21.8 22.3
      MC 13.0 13.0 12.9 13.2 12.9 10.7  8.6  8.3  7.3  8.7 12.3 13.0
  2PM DB 32.8 32.8 32.8 28.6 22.4 18.4 19.6 23.2 28.9 32.8 32.8 32.8
      WB 22.6 22.6 22.5 21.5 19.4 16.2 14.8 15.9 17.1 19.5 22.1 22.6
      MC 13.0 13.0 12.9 13.2 12.9 10.7  8.6  8.3  7.3  8.7 12.3 13.0
  3PM DB 33.8 33.8 33.8 29.6 23.4 19.4 20.6 24.2 29.9 33.8 33.8 33.8
      WB 22.9 22.9 22.8 21.8 19.7 16.6 15.2 16.3 17.4 19.8 22.4 22.9
      MC 13.0 13.0 12.9 13.2 12.9 10.7  8.6  8.3  7.3  8.7 12.3 13.0
  4PM DB 32.8 32.8 32.8 28.6 22.4 18.4 19.6 23.2 28.9 32.8 32.8 32.8
      WB 22.6 22.6 22.5 21.5 19.4 16.2 14.8 15.9 17.1 19.5 22.1 22.6
      MC 13.0 13.0 12.9 13.2 12.9 10.7  8.6  8.3  7.3  8.7 12.3 13.0
  5PM DB 31.8 31.8 31.8 27.6 21.4 17.4 18.6 22.2 27.9 31.8 31.8 31.8
      WB 22.3 22.3 22.2 21.2 19.1 15.9 14.4 15.6 16.7 19.2 21.8 22.3
      MC 13.0 13.0 12.9 13.2 12.9 10.7  8.6  8.3  7.3  8.7 12.3 13.0
  6PM DB 31.8 31.8 31.8 27.6 21.4 17.4 18.6 22.2 27.9 31.8 31.8 31.8
      WB 22.3 22.3 22.2 21.2 19.1 15.9 14.4 15.6 16.7 19.2 21.8 22.3
      MC 13.0 13.0 12.9 13.2 12.9 10.7  8.6  8.3  7.3  8.7 12.3 13.0
  7PM DB 30.8 30.8 30.8 26.6 20.4 16.4 17.6 21.2 26.9 30.8 30.8 30.8
      WB 22.1 22.1 21.9 20.9 18.7 15.5 14.1 15.2 16.4 18.8 21.5 22.1
      MC 13.0 13.0 12.9 13.2 12.9 10.7  8.6  8.3  7.3  8.7 12.3 13.0
  8PM DB 29.8 29.8 29.8 25.6 19.4 15.4 16.6 20.2 25.9 29.8 29.8 29.8
      WB 21.8 21.8 21.7 20.6 18.4 15.2 13.7 14.8 16.0 18.5 21.2 21.8
      MC 13.0 13.0 12.9 13.2 12.9 10.7  8.6  8.3  7.3  8.7 12.3 13.0
>  0  0  0 TEMPERATURE PROFILE OUTDOOR
<  0  0  0 MAIN AHU SUMMARY

aAHU SUMMARY - COOLING
 At Time of Peak Grand Total Heat (GTH)
 -----------------------------------------------------------------------------------
d        TITLE        NO.    S/A    OUT/AIR    GTH   GTSH  COIL ENT  COIL LVG PRECON
d                     OFF    l/s    l/s   %     kW     kW  CDB  CWB  CDB  CWB   NO. 
 -------------------- --- ------ ------ --- ------ ------ ---- ---- ---- ---- ------
 AHU1                   1   1306      0 0.0   24.7   18.2 23.5 17.4 12.0 11.5      
 AHU2                   1   4180      0 0.0   75.7   58.2 23.5 17.4 12.0 11.8      
 -------------------- --- ------ ------ --- ------ ------ ---- ---- ---- ---- ------

aAHU SUMMARY COOLING SUPPLEMENTARY DATA
  Note 1: at time of peak AHU adjusted sensible heat
       2: increased air quantity or reduced leaving coil CDB are alternatives
 --------------------------------------------------------------------------------
d                       Time      Adj   Time      Adj        <---- REVISED ----->
d    Title              Peak     Sens   Peak     Sens    GTH   AQ    %   Lvg Diff
d                        GTH      kW  Adj Sens    kW     kW   l/s   var  CDB  CDB
 --------------------------------------------------------------------------------
 AHU1                  3pm Mar  Peak adj. sens. occurs at same time as peak GTH
 AHU2                  4pm Mar  Peak adj. sens. occurs at same time as peak GTH
 --------------------------------------------------------------------------------
>  0  0  0 MAIN AHU SUMMARY
<  0  0  0 MISCELLANEOUS AHU SUMMARY

aAHU SUMMARY - COOLING CHECK FIGURES and HEATING
 ------------------------------------------------------------------------------------
d        TITLE         %   FLOOR   W/   CH/  l/s/ SHF      HEATING           FAN kW  
d                     O/A   AREA   m2   Hr    m2        S/A   O/A   kW     SUP    RET
 -------------------- --- ------ ---- ----- ----- --- ----- ----- ------ ------- ----
 AHU1                 0.0  146.0  169   7.2   8.9 .73  1306  0.00   13.2             
 AHU2                 0.0  440.0  172   7.6   9.5 .77  4180  0.00   40.6             
dWhole Building       0.0  586.0  173   5.0   9.4   (at building peak time:  9am Apr)
 -------------------- --- ------ ---- ----- ----- --- ----- ----- ------ ------- ----
>  0  0  0 MISCELLANEOUS AHU SUMMARY
<  0  0  0 WINDOW SHADING EFFECTIVENESS

aWINDOW SHADING EFFECTIVENESS

    Shading efficiency calculations were not requested.
>  0  0  0 WINDOW SHADING EFFECTIVENESS
<  0  0  0 PRIMARY PLANT RESULTS                                0.000  2 24   

aPRIMARY PLANT RESULTS (Excludes unitary plant)

bCHILLER PLANT
    NO AIR HANDLING UNITS, HCU OR PRECONDITIONERS ARE CONNECTED
>  0  0  0 PRIMARY PLANT RESULTS
